Build started 2015/5/30 星期六 20:04:36.
     1>Project "E:\C++ Projects\WillDoServer\WillDoServer\WillDoServer.vcxproj" on node 2 (Build target(s)).
     1>ClCompile:
         D:\Microsoft Visual Studio 2013\VC\bin\x86_amd64\CL.exe /c /I"C:\Program Files\MySQL\MySQL Server 5.6\include" /I"E:\C++ Projects\Lib\pthreads\include" /I"E:\C++ Projects\Lib\jsoncpp\include" /Zi /nologo /W3 /WX- /sdl /Od /D WIN32 /D _DEBUG /D _CONSOLE /D _UNICODE /D UNICODE /GF /Gm /EHsc /RTC1 /MTd /GS /fp:precise /Zc:wchar_t /Zc:forScope /Fo"x64\Debug\\" /Fd"x64\Debug\vc120.pdb" /Gd /TP /errorReport:prompt Server.cpp
         Server.cpp
     1>Server.cpp(21): warning C4101: 'sClient' : unreferenced local variable
     1>Server.cpp(23): warning C4101: 'buf' : unreferenced local variable
     1>Server.cpp(178): warning C4267: '=' : conversion from 'size_t' to 'int', possible loss of data
     1>Server.cpp(209): warning C4267: 'argument' : conversion from 'size_t' to 'int', possible loss of data
     1>Server.cpp(215): warning C4267: 'argument' : conversion from 'size_t' to 'int', possible loss of data
     1>Server.cpp(262): warning C4018: '<' : signed/unsigned mismatch
     1>Server.cpp(268): warning C4018: '<' : signed/unsigned mismatch
     1>Server.cpp(274): warning C4018: '<' : signed/unsigned mismatch
     1>Server.cpp(281): warning C4018: '<' : signed/unsigned mismatch
     1>e:\c++ projects\willdoserver\willdoserver\server.cpp(234): warning C4715: 'AnswerThread' : not all control paths return a value
       Link:
         D:\Microsoft Visual Studio 2013\VC\bin\x86_amd64\link.exe /ERRORREPORT:PROMPT /OUT:"E:\C++ Projects\WillDoServer\x64\Debug\WillDoServer.exe" /INCREMENTAL /NOLOGO /LIBPATH:"C:\Program Files\MySQL\MySQL Server 5.6\lib" /LIBPATH:"E:\C++ Projects\Lib\pthreads\lib" /LIBPATH:"E:\C++ Projects\Lib\jsoncpp\debugX64" /FORCE:MULTIPLE libmysql.lib jsoncpp.lib kernel32.lib user32.lib gdi32.lib winspool.lib comdlg32.lib advapi32.lib shell32.lib ole32.lib oleaut32.lib uuid.lib odbc32.lib odbccp32.lib /MANIFEST /MANIFESTUAC:"level='asInvoker' uiAccess='false'" /manifest:embed /DEBUG /PDB:"E:\C++ Projects\WillDoServer\x64\Debug\WillDoServer.pdb" /SUBSYSTEM:CONSOLE /TLBID:1 /DYNAMICBASE /NXCOMPAT /IMPLIB:"E:\C++ Projects\WillDoServer\x64\Debug\WillDoServer.lib" x64\Debug\MyDB.obj
         x64\Debug\Server.obj
     1>LINK : warning LNK4075: ignoring '/INCREMENTAL' due to '/FORCE' specification
     1>Server.obj : warning LNK4006: "public: __cdecl ToDoItem::ToDoItem(void)" (??0ToDoItem@@QEAA@XZ) already defined in MyDB.obj; second definition ignored
     1>E:\C++ Projects\WillDoServer\x64\Debug\WillDoServer.exe : warning LNK4088: image being generated due to /FORCE option; image may not run
     1>jsoncpp.lib(json_reader.obj) : warning LNK4099: PDB 'vc120.pdb' was not found with 'jsoncpp.lib(json_reader.obj)' or at 'E:\C++ Projects\WillDoServer\x64\Debug\vc120.pdb'; linking object as if no debug info
     1>jsoncpp.lib(json_value.obj) : warning LNK4099: PDB 'vc120.pdb' was not found with 'jsoncpp.lib(json_value.obj)' or at 'E:\C++ Projects\WillDoServer\x64\Debug\vc120.pdb'; linking object as if no debug info
     1>jsoncpp.lib(json_writer.obj) : warning LNK4099: PDB 'vc120.pdb' was not found with 'jsoncpp.lib(json_writer.obj)' or at 'E:\C++ Projects\WillDoServer\x64\Debug\vc120.pdb'; linking object as if no debug info
         WillDoServer.vcxproj -> E:\C++ Projects\WillDoServer\x64\Debug\WillDoServer.exe
     1>Done Building Project "E:\C++ Projects\WillDoServer\WillDoServer\WillDoServer.vcxproj" (Build target(s)).

Build succeeded.

Time Elapsed 00:00:02.45
