Build started 2015/5/26 星期二 15:48:36.
     1>Project "E:\C++ Projects\WillDoServer\WillDoServer\WillDoServer.vcxproj" on node 2 (Build target(s)).
     1>Link:
         D:\Microsoft Visual Studio 2013\VC\bin\link.exe /ERRORREPORT:PROMPT /OUT:"E:\C++ Projects\WillDoServer\Debug\WillDoServer.exe" /INCREMENTAL /NOLOGO /LIBPATH:"C:\Program Files\MySQL\MySQL Server 5.6\lib" /LIBPATH:"E:\C++ Projects\Lib\jsoncpp\debugwin32" /LIBPATH:"E:\C++ Projects\Lib\pthreads\lib" /FORCE:MULTIPLE libmysql.lib jsoncpp.lib kernel32.lib user32.lib gdi32.lib winspool.lib comdlg32.lib advapi32.lib shell32.lib ole32.lib oleaut32.lib uuid.lib odbc32.lib odbccp32.lib /MANIFEST /MANIFESTUAC:"level='asInvoker' uiAccess='false'" /manifest:embed /DEBUG /PDB:"E:\C++ Projects\WillDoServer\Debug\WillDoServer.pdb" /SUBSYSTEM:CONSOLE /TLBID:1 /DYNAMICBASE /NXCOMPAT /IMPLIB:"E:\C++ Projects\WillDoServer\Debug\WillDoServer.lib" /MACHINE:X86 Debug\MyDB.obj
         Debug\Server.obj
     1>LINK : warning LNK4075: ignoring '/INCREMENTAL' due to '/FORCE' specification
     1>MyDB.obj : warning LNK4075: ignoring '/EDITANDCONTINUE' due to '/OPT:LBR' specification
     1>Server.obj : warning LNK4006: "public: __thiscall ToDoItem::ToDoItem(void)" (??0ToDoItem@@QAE@XZ) already defined in MyDB.obj; second definition ignored
     1>MyDB.obj : error LNK2019: unresolved external symbol _mysql_num_rows@4 referenced in function "public: int __thiscall MyDB::verify_user(class std::basic_string<char,struct std::char_traits<char>,class std::allocator<char> >,class std::basic_string<char,struct std::char_traits<char>,class std::allocator<char> >)" (?verify_user@MyDB@@QAEHV?$basic_string@DU?$char_traits@D@std@@V?$allocator@D@2@@std@@0@Z)
     1>MyDB.obj : error LNK2019: unresolved external symbol _mysql_num_fields@4 referenced in function "private: class std::vector<class ToDoItem,class std::allocator<class ToDoItem> > __thiscall MyDB::fetch_items(void)" (?fetch_items@MyDB@@AAE?AV?$vector@VToDoItem@@V?$allocator@VToDoItem@@@std@@@std@@XZ)
     1>MyDB.obj : error LNK2019: unresolved external symbol _mysql_affected_rows@4 referenced in function "public: int __thiscall MyDB::add_user(class std::basic_string<char,struct std::char_traits<char>,class std::allocator<char> >,class std::basic_string<char,struct std::char_traits<char>,class std::allocator<char> >)" (?add_user@MyDB@@QAEHV?$basic_string@DU?$char_traits@D@std@@V?$allocator@D@2@@std@@0@Z)
     1>MyDB.obj : error LNK2019: unresolved external symbol _mysql_init@4 referenced in function "private: int __thiscall MyDB::init(void)" (?init@MyDB@@AAEHXZ)
     1>MyDB.obj : error LNK2019: unresolved external symbol _mysql_real_connect@32 referenced in function "private: int __thiscall MyDB::init(void)" (?init@MyDB@@AAEHXZ)
     1>MyDB.obj : error LNK2019: unresolved external symbol _mysql_query@8 referenced in function "public: int __thiscall MyDB::add_user(class std::basic_string<char,struct std::char_traits<char>,class std::allocator<char> >,class std::basic_string<char,struct std::char_traits<char>,class std::allocator<char> >)" (?add_user@MyDB@@QAEHV?$basic_string@DU?$char_traits@D@std@@V?$allocator@D@2@@std@@0@Z)
     1>MyDB.obj : error LNK2019: unresolved external symbol _mysql_store_result@4 referenced in function "private: class std::vector<class std::basic_string<char,struct std::char_traits<char>,class std::allocator<char> >,class std::allocator<class std::basic_string<char,struct std::char_traits<char>,class std::allocator<char> > > > __thiscall MyDB::fetch_elements(class std::basic_string<char,struct std::char_traits<char>,class std::allocator<char> >)" (?fetch_elements@MyDB@@AAE?AV?$vector@V?$basic_string@DU?$char_traits@D@std@@V?$allocator@D@2@@std@@V?$allocator@V?$basic_string@DU?$char_traits@D@std@@V?$allocator@D@2@@std@@@2@@std@@V?$basic_string@DU?$char_traits@D@std@@V?$allocator@D@2@@3@@Z)
     1>MyDB.obj : error LNK2019: unresolved external symbol _mysql_refresh@8 referenced in function "public: int __thiscall MyDB::add_user(class std::basic_string<char,struct std::char_traits<char>,class std::allocator<char> >,class std::basic_string<char,struct std::char_traits<char>,class std::allocator<char> >)" (?add_user@MyDB@@QAEHV?$basic_string@DU?$char_traits@D@std@@V?$allocator@D@2@@std@@0@Z)
     1>MyDB.obj : error LNK2019: unresolved external symbol _mysql_free_result@4 referenced in function "private: class std::vector<class std::basic_string<char,struct std::char_traits<char>,class std::allocator<char> >,class std::allocator<class std::basic_string<char,struct std::char_traits<char>,class std::allocator<char> > > > __thiscall MyDB::fetch_elements(class std::basic_string<char,struct std::char_traits<char>,class std::allocator<char> >)" (?fetch_elements@MyDB@@AAE?AV?$vector@V?$basic_string@DU?$char_traits@D@std@@V?$allocator@D@2@@std@@V?$allocator@V?$basic_string@DU?$char_traits@D@std@@V?$allocator@D@2@@std@@@2@@std@@V?$basic_string@DU?$char_traits@D@std@@V?$allocator@D@2@@3@@Z)
     1>MyDB.obj : error LNK2019: unresolved external symbol _mysql_fetch_row@4 referenced in function "private: class std::vector<class std::basic_string<char,struct std::char_traits<char>,class std::allocator<char> >,class std::allocator<class std::basic_string<char,struct std::char_traits<char>,class std::allocator<char> > > > __thiscall MyDB::fetch_elements(class std::basic_string<char,struct std::char_traits<char>,class std::allocator<char> >)" (?fetch_elements@MyDB@@AAE?AV?$vector@V?$basic_string@DU?$char_traits@D@std@@V?$allocator@D@2@@std@@V?$allocator@V?$basic_string@DU?$char_traits@D@std@@V?$allocator@D@2@@std@@@2@@std@@V?$basic_string@DU?$char_traits@D@std@@V?$allocator@D@2@@3@@Z)
     1>MyDB.obj : error LNK2019: unresolved external symbol _mysql_fetch_field@4 referenced in function "private: class std::vector<class ToDoItem,class std::allocator<class ToDoItem> > __thiscall MyDB::fetch_items(void)" (?fetch_items@MyDB@@AAE?AV?$vector@VToDoItem@@V?$allocator@VToDoItem@@@std@@@std@@XZ)
     1>Server.obj : error LNK2019: unresolved external symbol _mysql_close@4 referenced in function "public: __thiscall MyDB::~MyDB(void)" (??1MyDB@@QAE@XZ)
     1>E:\C++ Projects\WillDoServer\Debug\WillDoServer.exe : fatal error LNK1120: 12 unresolved externals
     1>Done Building Project "E:\C++ Projects\WillDoServer\WillDoServer\WillDoServer.vcxproj" (Build target(s)) -- FAILED.

Build FAILED.

Time Elapsed 00:00:00.47
